Build started 19.10.2015 11:19:55.
     1>Project "C:\Users\Alka\Documents\GitHub\ClockworkNNModule\Cuda\NewModuleCuda.vcxproj" on node 2 (Build target(s)).
     1>C:\Program Files (x86)\MSBuild\Microsoft.Cpp\v4.0\V120\Microsoft.CppBuild.targets(388,5): warning MSB8028: The intermediate directory (x64\Debug\) contains files shared from another project (NewModuleCuda.vcxproj).  This can lead to incorrect clean and rebuild behavior.
     1>AddCudaCompileDeps:
         C:\Program Files (x86)\Microsoft Visual Studio 12.0\VC\bin\x86_amd64\cl.exe /E /nologo /showIncludes /TP /D__CUDACC__ /DWIN32 /DWIN64 /D_DEBUG /D_CONSOLE /D_MBCS /I"C:\Program Files\NVIDIA GPU Computing Toolkit\CUDA\v7.0\include" /I"C:\Program Files\NVIDIA GPU Computing Toolkit\CUDA\v7.0\bin" /I"C:\Program Files\NVIDIA GPU Computing Toolkit\CUDA\v7.0\include" /I. /FIcuda_runtime.h /c C:\Users\Alka\Documents\GitHub\ClockworkNNModule\Cuda\CWChangeWeightsKernel.cu 
       AddCudaCompileDeps:
         C:\Program Files (x86)\Microsoft Visual Studio 12.0\VC\bin\x86_amd64\cl.exe /E /nologo /showIncludes /TP /D__CUDACC__ /DWIN32 /DWIN64 /D_DEBUG /D_CONSOLE /D_MBCS /I"C:\Program Files\NVIDIA GPU Computing Toolkit\CUDA\v7.0\include" /I"C:\Program Files\NVIDIA GPU Computing Toolkit\CUDA\v7.0\bin" /I"C:\Program Files\NVIDIA GPU Computing Toolkit\CUDA\v7.0\include" /I. /FIcuda_runtime.h /c C:\Users\Alka\Documents\GitHub\ClockworkNNModule\Cuda\CWFeedForwardKernel.cu 
       AddCudaCompileDeps:
         C:\Program Files (x86)\Microsoft Visual Studio 12.0\VC\bin\x86_amd64\cl.exe /E /nologo /showIncludes /TP /D__CUDACC__ /DWIN32 /DWIN64 /D_DEBUG /D_CONSOLE /D_MBCS /I"C:\Program Files\NVIDIA GPU Computing Toolkit\CUDA\v7.0\include" /I"C:\Program Files\NVIDIA GPU Computing Toolkit\CUDA\v7.0\bin" /I"C:\Program Files\NVIDIA GPU Computing Toolkit\CUDA\v7.0\include" /I. /FIcuda_runtime.h /c C:\Users\Alka\Documents\GitHub\ClockworkNNModule\Cuda\CWRTRLDerivativeKernel.cu 
       CudaBuild:
         Compiling CUDA source file CWChangeWeightsKernel.cu...
         cmd.exe /C "C:\Users\Alka\AppData\Local\Temp\tmp69da96d2f63d439daee7c786dcb3e832.cmd"
         "C:\Program Files\NVIDIA GPU Computing Toolkit\CUDA\v7.0\bin\nvcc.exe" -gencode=arch=compute_20,code=\"sm_20,compute_20\" --use-local-env --cl-version 2013 -ccbin "C:\Program Files (x86)\Microsoft Visual Studio 12.0\VC\bin\x86_amd64"  -I"C:\Program Files\NVIDIA GPU Computing Toolkit\CUDA\v7.0\include" -I"C:\Program Files\NVIDIA GPU Computing Toolkit\CUDA\v7.0\include"  -G   --keep-dir x64\Debug -maxrregcount=0  --machine 64 -ptx -cudart static  -o C:\Users\Alka\Documents\GitHub\ClockworkNNModule\Cuda\..\Module\bin\Debug\ptx\CWChangeWeightsKernel.ptx "C:\Users\Alka\Documents\GitHub\ClockworkNNModule\Cuda\CWChangeWeightsKernel.cu"
         
         C:\Users\Alka\Documents\GitHub\ClockworkNNModule\Cuda>"C:\Program Files\NVIDIA GPU Computing Toolkit\CUDA\v7.0\bin\nvcc.exe" -gencode=arch=compute_20,code=\"sm_20,compute_20\" --use-local-env --cl-version 2013 -ccbin "C:\Program Files (x86)\Microsoft Visual Studio 12.0\VC\bin\x86_amd64"  -I"C:\Program Files\NVIDIA GPU Computing Toolkit\CUDA\v7.0\include" -I"C:\Program Files\NVIDIA GPU Computing Toolkit\CUDA\v7.0\include"  -G   --keep-dir x64\Debug -maxrregcount=0  --machine 64 -ptx -cudart static  -o C:\Users\Alka\Documents\GitHub\ClockworkNNModule\Cuda\..\Module\bin\Debug\ptx\CWChangeWeightsKernel.ptx "C:\Users\Alka\Documents\GitHub\ClockworkNNModule\Cuda\CWChangeWeightsKernel.cu" 
         CWChangeWeightsKernel.cu
       CudaBuild:
         Compiling CUDA source file CWFeedForwardKernel.cu...
         cmd.exe /C "C:\Users\Alka\AppData\Local\Temp\tmp8efa34182dd843f38e9aa2c5089cbe5f.cmd"
         "C:\Program Files\NVIDIA GPU Computing Toolkit\CUDA\v7.0\bin\nvcc.exe" -gencode=arch=compute_20,code=\"sm_20,compute_20\" --use-local-env --cl-version 2013 -ccbin "C:\Program Files (x86)\Microsoft Visual Studio 12.0\VC\bin\x86_amd64"  -I"C:\Program Files\NVIDIA GPU Computing Toolkit\CUDA\v7.0\include" -I"C:\Program Files\NVIDIA GPU Computing Toolkit\CUDA\v7.0\include"  -G   --keep-dir x64\Debug -maxrregcount=0  --machine 64 -ptx -cudart static  -o C:\Users\Alka\Documents\GitHub\ClockworkNNModule\Cuda\..\Module\bin\Debug\ptx\CWFeedForwardKernel.ptx "C:\Users\Alka\Documents\GitHub\ClockworkNNModule\Cuda\CWFeedForwardKernel.cu"
         
         C:\Users\Alka\Documents\GitHub\ClockworkNNModule\Cuda>"C:\Program Files\NVIDIA GPU Computing Toolkit\CUDA\v7.0\bin\nvcc.exe" -gencode=arch=compute_20,code=\"sm_20,compute_20\" --use-local-env --cl-version 2013 -ccbin "C:\Program Files (x86)\Microsoft Visual Studio 12.0\VC\bin\x86_amd64"  -I"C:\Program Files\NVIDIA GPU Computing Toolkit\CUDA\v7.0\include" -I"C:\Program Files\NVIDIA GPU Computing Toolkit\CUDA\v7.0\include"  -G   --keep-dir x64\Debug -maxrregcount=0  --machine 64 -ptx -cudart static  -o C:\Users\Alka\Documents\GitHub\ClockworkNNModule\Cuda\..\Module\bin\Debug\ptx\CWFeedForwardKernel.ptx "C:\Users\Alka\Documents\GitHub\ClockworkNNModule\Cuda\CWFeedForwardKernel.cu" 
         CWFeedForwardKernel.cu
       CudaBuild:
         Compiling CUDA source file CWRTRLDerivativeKernel.cu...
         cmd.exe /C "C:\Users\Alka\AppData\Local\Temp\tmpa7f19f3ba39c4749b03cce4ea99c700e.cmd"
         "C:\Program Files\NVIDIA GPU Computing Toolkit\CUDA\v7.0\bin\nvcc.exe" -gencode=arch=compute_20,code=\"sm_20,compute_20\" --use-local-env --cl-version 2013 -ccbin "C:\Program Files (x86)\Microsoft Visual Studio 12.0\VC\bin\x86_amd64"  -I"C:\Program Files\NVIDIA GPU Computing Toolkit\CUDA\v7.0\include" -I"C:\Program Files\NVIDIA GPU Computing Toolkit\CUDA\v7.0\include"  -G   --keep-dir x64\Debug -maxrregcount=0  --machine 64 -ptx -cudart static  -o C:\Users\Alka\Documents\GitHub\ClockworkNNModule\Cuda\..\Module\bin\Debug\ptx\CWRTRLDerivativeKernel.ptx "C:\Users\Alka\Documents\GitHub\ClockworkNNModule\Cuda\CWRTRLDerivativeKernel.cu"
         
         C:\Users\Alka\Documents\GitHub\ClockworkNNModule\Cuda>"C:\Program Files\NVIDIA GPU Computing Toolkit\CUDA\v7.0\bin\nvcc.exe" -gencode=arch=compute_20,code=\"sm_20,compute_20\" --use-local-env --cl-version 2013 -ccbin "C:\Program Files (x86)\Microsoft Visual Studio 12.0\VC\bin\x86_amd64"  -I"C:\Program Files\NVIDIA GPU Computing Toolkit\CUDA\v7.0\include" -I"C:\Program Files\NVIDIA GPU Computing Toolkit\CUDA\v7.0\include"  -G   --keep-dir x64\Debug -maxrregcount=0  --machine 64 -ptx -cudart static  -o C:\Users\Alka\Documents\GitHub\ClockworkNNModule\Cuda\..\Module\bin\Debug\ptx\CWRTRLDerivativeKernel.ptx "C:\Users\Alka\Documents\GitHub\ClockworkNNModule\Cuda\CWRTRLDerivativeKernel.cu" 
         CWRTRLDerivativeKernel.cu
     1>Done Building Project "C:\Users\Alka\Documents\GitHub\ClockworkNNModule\Cuda\NewModuleCuda.vcxproj" (Build target(s)).

Build succeeded.

Time Elapsed 00:00:14.75
